<?xml version="1.0" encoding="UTF-8"?>
<testsuite xmlns:xsi="http://www.w3.org/2001/XMLSchema-instance" xsi:noNamespaceSchemaLocation="https://maven.apache.org/surefire/maven-surefire-plugin/xsd/surefire-test-report-3.0.xsd" version="3.0" name="examples.ExamplesTest" time="18.089" tests="1" errors="0" skipped="0" failures="0">
  <properties>
    <property name="java.specification.version" value="17"/>
    <property name="sun.cpu.isalist" value="amd64"/>
    <property name="sun.jnu.encoding" value="Cp1252"/>
    <property name="java.class.path" value="C:\WorkspaceIJ\karate-poc\target\test-classes;C:\WorkspaceIJ\karate-poc\target\classes;C:\Users\humberto.ruiz_pragma\.m2\repository\io\karatelabs\karate-junit5\1.5.0\karate-junit5-1.5.0.jar;C:\Users\humberto.ruiz_pragma\.m2\repository\io\karatelabs\karate-core\1.5.0\karate-core-1.5.0.jar;C:\Users\humberto.ruiz_pragma\.m2\repository\org\graalvm\js\js-scriptengine\24.0.0\js-scriptengine-24.0.0.jar;C:\Users\humberto.ruiz_pragma\.m2\repository\org\graalvm\polyglot\polyglot\24.0.0\polyglot-24.0.0.jar;C:\Users\humberto.ruiz_pragma\.m2\repository\org\graalvm\sdk\collections\24.0.0\collections-24.0.0.jar;C:\Users\humberto.ruiz_pragma\.m2\repository\org\graalvm\sdk\nativeimage\24.0.0\nativeimage-24.0.0.jar;C:\Users\humberto.ruiz_pragma\.m2\repository\org\graalvm\sdk\word\24.0.0\word-24.0.0.jar;C:\Users\humberto.ruiz_pragma\.m2\repository\org\graalvm\js\js-language\24.0.0\js-language-24.0.0.jar;C:\Users\humberto.ruiz_pragma\.m2\repository\org\graalvm\regex\regex\24.0.0\regex-24.0.0.jar;C:\Users\humberto.ruiz_pragma\.m2\repository\org\graalvm\truffle\truffle-api\24.0.0\truffle-api-24.0.0.jar;C:\Users\humberto.ruiz_pragma\.m2\repository\org\graalvm\shadowed\icu4j\24.0.0\icu4j-24.0.0.jar;C:\Users\humberto.ruiz_pragma\.m2\repository\org\thymeleaf\thymeleaf\3.1.2.RELEASE\thymeleaf-3.1.2.RELEASE.jar;C:\Users\humberto.ruiz_pragma\.m2\repository\ognl\ognl\3.3.4\ognl-3.3.4.jar;C:\Users\humberto.ruiz_pragma\.m2\repository\org\javassist\javassist\3.29.0-GA\javassist-3.29.0-GA.jar;C:\Users\humberto.ruiz_pragma\.m2\repository\org\attoparser\attoparser\2.0.7.RELEASE\attoparser-2.0.7.RELEASE.jar;C:\Users\humberto.ruiz_pragma\.m2\repository\org\unbescape\unbescape\1.1.6.RELEASE\unbescape-1.1.6.RELEASE.jar;C:\Users\humberto.ruiz_pragma\.m2\repository\com\linecorp\armeria\armeria\1.29.2\armeria-1.29.2.jar;C:\Users\humberto.ruiz_pragma\.m2\repository\com\fasterxml\jackson\core\jackson-core\2.17.1\jackson-core-2.17.1.jar;C:\Users\humberto.ruiz_pragma\.m2\repository\com\fasterxml\jackson\core\jackson-annotations\2.17.1\jackson-annotations-2.17.1.jar;C:\Users\humberto.ruiz_pragma\.m2\repository\com\fasterxml\jackson\core\jackson-databind\2.17.1\jackson-databind-2.17.1.jar;C:\Users\humberto.ruiz_pragma\.m2\repository\com\fasterxml\jackson\datatype\jackson-datatype-jdk8\2.17.1\jackson-datatype-jdk8-2.17.1.jar;C:\Users\humberto.ruiz_pragma\.m2\repository\com\fasterxml\jackson\datatype\jackson-datatype-jsr310\2.17.1\jackson-datatype-jsr310-2.17.1.jar;C:\Users\humberto.ruiz_pragma\.m2\repository\io\micrometer\micrometer-core\1.13.0\micrometer-core-1.13.0.jar;C:\Users\humberto.ruiz_pragma\.m2\repository\io\micrometer\micrometer-commons\1.13.0\micrometer-commons-1.13.0.jar;C:\Users\humberto.ruiz_pragma\.m2\repository\io\micrometer\micrometer-observation\1.13.0\micrometer-observation-1.13.0.jar;C:\Users\humberto.ruiz_pragma\.m2\repository\org\hdrhistogram\HdrHistogram\2.2.1\HdrHistogram-2.2.1.jar;C:\Users\humberto.ruiz_pragma\.m2\repository\org\latencyutils\LatencyUtils\2.0.3\LatencyUtils-2.0.3.jar;C:\Users\humberto.ruiz_pragma\.m2\repository\io\netty\netty-transport\4.1.110.Final\netty-transport-4.1.110.Final.jar;C:\Users\humberto.ruiz_pragma\.m2\repository\io\netty\netty-common\4.1.110.Final\netty-common-4.1.110.Final.jar;C:\Users\humberto.ruiz_pragma\.m2\repository\io\netty\netty-buffer\4.1.110.Final\netty-buffer-4.1.110.Final.jar;C:\Users\humberto.ruiz_pragma\.m2\repository\io\netty\netty-resolver\4.1.110.Final\netty-resolver-4.1.110.Final.jar;C:\Users\humberto.ruiz_pragma\.m2\repository\io\netty\netty-codec-haproxy\4.1.110.Final\netty-codec-haproxy-4.1.110.Final.jar;C:\Users\humberto.ruiz_pragma\.m2\repository\io\netty\netty-codec\4.1.110.Final\netty-codec-4.1.110.Final.jar;C:\Users\humberto.ruiz_pragma\.m2\repository\io\netty\netty-codec-http2\4.1.110.Final\netty-codec-http2-4.1.110.Final.jar;C:\Users\humberto.ruiz_pragma\.m2\repository\io\netty\netty-handler\4.1.110.Final\netty-handler-4.1.110.Final.jar;C:\Users\humberto.ruiz_pragma\.m2\repository\io\netty\netty-codec-http\4.1.110.Final\netty-codec-http-4.1.110.Final.jar;C:\Users\humberto.ruiz_pragma\.m2\repository\io\netty\netty-resolver-dns\4.1.110.Final\netty-resolver-dns-4.1.110.Final.jar;C:\Users\humberto.ruiz_pragma\.m2\repository\io\netty\netty-codec-dns\4.1.110.Final\netty-codec-dns-4.1.110.Final.jar;C:\Users\humberto.ruiz_pragma\.m2\repository\io\netty\netty-transport-native-unix-common\4.1.110.Final\netty-transport-native-unix-common-4.1.110.Final-linux-x86_64.jar;C:\Users\humberto.ruiz_pragma\.m2\repository\io\netty\netty-transport-native-unix-common\4.1.110.Final\netty-transport-native-unix-common-4.1.110.Final-linux-aarch_64.jar;C:\Users\humberto.ruiz_pragma\.m2\repository\io\netty\netty-transport-native-unix-common\4.1.110.Final\netty-transport-native-unix-common-4.1.110.Final-osx-x86_64.jar;C:\Users\humberto.ruiz_pragma\.m2\repository\io\netty\netty-transport-native-unix-common\4.1.110.Final\netty-transport-native-unix-common-4.1.110.Final-osx-aarch_64.jar;C:\Users\humberto.ruiz_pragma\.m2\repository\org\reactivestreams\reactive-streams\1.0.4\reactive-streams-1.0.4.jar;C:\Users\humberto.ruiz_pragma\.m2\repository\com\google\code\findbugs\jsr305\3.0.2\jsr305-3.0.2.jar;C:\Users\humberto.ruiz_pragma\.m2\repository\io\netty\netty-handler-proxy\4.1.110.Final\netty-handler-proxy-4.1.110.Final.jar;C:\Users\humberto.ruiz_pragma\.m2\repository\io\netty\netty-codec-socks\4.1.110.Final\netty-codec-socks-4.1.110.Final.jar;C:\Users\humberto.ruiz_pragma\.m2\repository\io\netty\netty-transport-native-epoll\4.1.110.Final\netty-transport-native-epoll-4.1.110.Final-linux-x86_64.jar;C:\Users\humberto.ruiz_pragma\.m2\repository\io\netty\netty-transport-native-unix-common\4.1.110.Final\netty-transport-native-unix-common-4.1.110.Final.jar;C:\Users\humberto.ruiz_pragma\.m2\repository\io\netty\netty-transport-classes-epoll\4.1.110.Final\netty-transport-classes-epoll-4.1.110.Final.jar;C:\Users\humberto.ruiz_pragma\.m2\repository\io\netty\netty-transport-native-epoll\4.1.110.Final\netty-transport-native-epoll-4.1.110.Final-linux-aarch_64.jar;C:\Users\humberto.ruiz_pragma\.m2\repository\io\netty\netty-transport-native-kqueue\4.1.110.Final\netty-transport-native-kqueue-4.1.110.Final-osx-x86_64.jar;C:\Users\humberto.ruiz_pragma\.m2\repository\io\netty\netty-transport-classes-kqueue\4.1.110.Final\netty-transport-classes-kqueue-4.1.110.Final.jar;C:\Users\humberto.ruiz_pragma\.m2\repository\io\netty\netty-resolver-dns-native-macos\4.1.110.Final\netty-resolver-dns-native-macos-4.1.110.Final-osx-x86_64.jar;C:\Users\humberto.ruiz_pragma\.m2\repository\io\netty\netty-resolver-dns-classes-macos\4.1.110.Final\netty-resolver-dns-classes-macos-4.1.110.Final.jar;C:\Users\humberto.ruiz_pragma\.m2\repository\io\netty\netty-transport-native-kqueue\4.1.110.Final\netty-transport-native-kqueue-4.1.110.Final-osx-aarch_64.jar;C:\Users\humberto.ruiz_pragma\.m2\repository\io\netty\netty-resolver-dns-native-macos\4.1.110.Final\netty-resolver-dns-native-macos-4.1.110.Final-osx-aarch_64.jar;C:\Users\humberto.ruiz_pragma\.m2\repository\io\netty\netty-tcnative-boringssl-static\2.0.65.Final\netty-tcnative-boringssl-static-2.0.65.Final-linux-x86_64.jar;C:\Users\humberto.ruiz_pragma\.m2\repository\io\netty\netty-tcnative-classes\2.0.65.Final\netty-tcnative-classes-2.0.65.Final.jar;C:\Users\humberto.ruiz_pragma\.m2\repository\io\netty\netty-tcnative-boringssl-static\2.0.65.Final\netty-tcnative-boringssl-static-2.0.65.Final-linux-aarch_64.jar;C:\Users\humberto.ruiz_pragma\.m2\repository\io\netty\netty-tcnative-boringssl-static\2.0.65.Final\netty-tcnative-boringssl-static-2.0.65.Final-osx-x86_64.jar;C:\Users\humberto.ruiz_pragma\.m2\repository\io\netty\netty-tcnative-boringssl-static\2.0.65.Final\netty-tcnative-boringssl-static-2.0.65.Final-osx-aarch_64.jar;C:\Users\humberto.ruiz_pragma\.m2\repository\io\netty\netty-tcnative-boringssl-static\2.0.65.Final\netty-tcnative-boringssl-static-2.0.65.Final-windows-x86_64.jar;C:\Users\humberto.ruiz_pragma\.m2\repository\com\aayushatharva\brotli4j\brotli4j\1.16.0\brotli4j-1.16.0.jar;C:\Users\humberto.ruiz_pragma\.m2\repository\com\aayushatharva\brotli4j\service\1.16.0\service-1.16.0.jar;C:\Users\humberto.ruiz_pragma\.m2\repository\com\aayushatharva\brotli4j\native-windows-x86_64\1.16.0\native-windows-x86_64-1.16.0.jar;C:\Users\humberto.ruiz_pragma\.m2\repository\org\apache\httpcomponents\httpclient\4.5.14\httpclient-4.5.14.jar;C:\Users\humberto.ruiz_pragma\.m2\repository\org\apache\httpcomponents\httpcore\4.4.16\httpcore-4.4.16.jar;C:\Users\humberto.ruiz_pragma\.m2\repository\commons-codec\commons-codec\1.16.1\commons-codec-1.16.1.jar;C:\Users\humberto.ruiz_pragma\.m2\repository\ch\qos\logback\logback-classic\1.5.4\logback-classic-1.5.4.jar;C:\Users\humberto.ruiz_pragma\.m2\repository\ch\qos\logback\logback-core\1.5.4\logback-core-1.5.4.jar;C:\Users\humberto.ruiz_pragma\.m2\repository\org\slf4j\jcl-over-slf4j\2.0.12\jcl-over-slf4j-2.0.12.jar;C:\Users\humberto.ruiz_pragma\.m2\repository\org\slf4j\slf4j-api\2.0.12\slf4j-api-2.0.12.jar;C:\Users\humberto.ruiz_pragma\.m2\repository\org\antlr\antlr4-runtime\4.13.1\antlr4-runtime-4.13.1.jar;C:\Users\humberto.ruiz_pragma\.m2\repository\com\jayway\jsonpath\json-path\2.9.0\json-path-2.9.0.jar;C:\Users\humberto.ruiz_pragma\.m2\repository\net\minidev\json-smart\2.5.1\json-smart-2.5.1.jar;C:\Users\humberto.ruiz_pragma\.m2\repository\net\minidev\accessors-smart\2.5.1\accessors-smart-2.5.1.jar;C:\Users\humberto.ruiz_pragma\.m2\repository\org\ow2\asm\asm\9.6\asm-9.6.jar;C:\Users\humberto.ruiz_pragma\.m2\repository\org\yaml\snakeyaml\2.2\snakeyaml-2.2.jar;C:\Users\humberto.ruiz_pragma\.m2\repository\de\siegmar\fastcsv\3.1.0\fastcsv-3.1.0.jar;C:\Users\humberto.ruiz_pragma\.m2\repository\info\picocli\picocli\4.7.5\picocli-4.7.5.jar;C:\Users\humberto.ruiz_pragma\.m2\repository\io\github\classgraph\classgraph\4.8.170\classgraph-4.8.170.jar;C:\Users\humberto.ruiz_pragma\.m2\repository\io\github\t12y\resemble\1.1.0\resemble-1.1.0.jar;C:\Users\humberto.ruiz_pragma\.m2\repository\io\github\t12y\ssim\1.0.0\ssim-1.0.0.jar;C:\Users\humberto.ruiz_pragma\.m2\repository\org\junit\jupiter\junit-jupiter-api\5.10.2\junit-jupiter-api-5.10.2.jar;C:\Users\humberto.ruiz_pragma\.m2\repository\org\opentest4j\opentest4j\1.3.0\opentest4j-1.3.0.jar;C:\Users\humberto.ruiz_pragma\.m2\repository\org\junit\platform\junit-platform-commons\1.10.2\junit-platform-commons-1.10.2.jar;C:\Users\humberto.ruiz_pragma\.m2\repository\org\apiguardian\apiguardian-api\1.1.2\apiguardian-api-1.1.2.jar;C:\Users\humberto.ruiz_pragma\.m2\repository\org\junit\jupiter\junit-jupiter-engine\5.10.2\junit-jupiter-engine-5.10.2.jar;C:\Users\humberto.ruiz_pragma\.m2\repository\org\junit\platform\junit-platform-engine\1.10.2\junit-platform-engine-1.10.2.jar;"/>
    <property name="java.vm.vendor" value="Oracle Corporation"/>
    <property name="sun.arch.data.model" value="64"/>
    <property name="user.variant" value=""/>
    <property name="java.vendor.url" value="https://java.oracle.com/"/>
    <property name="user.timezone" value="America/Bogota"/>
    <property name="os.name" value="Windows 10"/>
    <property name="java.vm.specification.version" value="17"/>
    <property name="sun.java.launcher" value="SUN_STANDARD"/>
    <property name="user.country" value="CO"/>
    <property name="sun.boot.library.path" value="C:\Java\jdk-17.0.2\bin"/>
    <property name="sun.java.command" value="C:\Users\humberto.ruiz_pragma\AppData\Local\Temp\surefire6324163850841522900\surefirebooter-20241209145247029_3.jar C:\Users\humberto.ruiz_pragma\AppData\Local\Temp\surefire6324163850841522900 2024-12-09T14-52-45_766-jvmRun1 surefire-20241209145247029_1tmp surefire_0-20241209145247029_2tmp"/>
    <property name="jdk.debug" value="release"/>
    <property name="surefire.test.class.path" value="C:\WorkspaceIJ\karate-poc\target\test-classes;C:\WorkspaceIJ\karate-poc\target\classes;C:\Users\humberto.ruiz_pragma\.m2\repository\io\karatelabs\karate-junit5\1.5.0\karate-junit5-1.5.0.jar;C:\Users\humberto.ruiz_pragma\.m2\repository\io\karatelabs\karate-core\1.5.0\karate-core-1.5.0.jar;C:\Users\humberto.ruiz_pragma\.m2\repository\org\graalvm\js\js-scriptengine\24.0.0\js-scriptengine-24.0.0.jar;C:\Users\humberto.ruiz_pragma\.m2\repository\org\graalvm\polyglot\polyglot\24.0.0\polyglot-24.0.0.jar;C:\Users\humberto.ruiz_pragma\.m2\repository\org\graalvm\sdk\collections\24.0.0\collections-24.0.0.jar;C:\Users\humberto.ruiz_pragma\.m2\repository\org\graalvm\sdk\nativeimage\24.0.0\nativeimage-24.0.0.jar;C:\Users\humberto.ruiz_pragma\.m2\repository\org\graalvm\sdk\word\24.0.0\word-24.0.0.jar;C:\Users\humberto.ruiz_pragma\.m2\repository\org\graalvm\js\js-language\24.0.0\js-language-24.0.0.jar;C:\Users\humberto.ruiz_pragma\.m2\repository\org\graalvm\regex\regex\24.0.0\regex-24.0.0.jar;C:\Users\humberto.ruiz_pragma\.m2\repository\org\graalvm\truffle\truffle-api\24.0.0\truffle-api-24.0.0.jar;C:\Users\humberto.ruiz_pragma\.m2\repository\org\graalvm\shadowed\icu4j\24.0.0\icu4j-24.0.0.jar;C:\Users\humberto.ruiz_pragma\.m2\repository\org\thymeleaf\thymeleaf\3.1.2.RELEASE\thymeleaf-3.1.2.RELEASE.jar;C:\Users\humberto.ruiz_pragma\.m2\repository\ognl\ognl\3.3.4\ognl-3.3.4.jar;C:\Users\humberto.ruiz_pragma\.m2\repository\org\javassist\javassist\3.29.0-GA\javassist-3.29.0-GA.jar;C:\Users\humberto.ruiz_pragma\.m2\repository\org\attoparser\attoparser\2.0.7.RELEASE\attoparser-2.0.7.RELEASE.jar;C:\Users\humberto.ruiz_pragma\.m2\repository\org\unbescape\unbescape\1.1.6.RELEASE\unbescape-1.1.6.RELEASE.jar;C:\Users\humberto.ruiz_pragma\.m2\repository\com\linecorp\armeria\armeria\1.29.2\armeria-1.29.2.jar;C:\Users\humberto.ruiz_pragma\.m2\repository\com\fasterxml\jackson\core\jackson-core\2.17.1\jackson-core-2.17.1.jar;C:\Users\humberto.ruiz_pragma\.m2\repository\com\fasterxml\jackson\core\jackson-annotations\2.17.1\jackson-annotations-2.17.1.jar;C:\Users\humberto.ruiz_pragma\.m2\repository\com\fasterxml\jackson\core\jackson-databind\2.17.1\jackson-databind-2.17.1.jar;C:\Users\humberto.ruiz_pragma\.m2\repository\com\fasterxml\jackson\datatype\jackson-datatype-jdk8\2.17.1\jackson-datatype-jdk8-2.17.1.jar;C:\Users\humberto.ruiz_pragma\.m2\repository\com\fasterxml\jackson\datatype\jackson-datatype-jsr310\2.17.1\jackson-datatype-jsr310-2.17.1.jar;C:\Users\humberto.ruiz_pragma\.m2\repository\io\micrometer\micrometer-core\1.13.0\micrometer-core-1.13.0.jar;C:\Users\humberto.ruiz_pragma\.m2\repository\io\micrometer\micrometer-commons\1.13.0\micrometer-commons-1.13.0.jar;C:\Users\humberto.ruiz_pragma\.m2\repository\io\micrometer\micrometer-observation\1.13.0\micrometer-observation-1.13.0.jar;C:\Users\humberto.ruiz_pragma\.m2\repository\org\hdrhistogram\HdrHistogram\2.2.1\HdrHistogram-2.2.1.jar;C:\Users\humberto.ruiz_pragma\.m2\repository\org\latencyutils\LatencyUtils\2.0.3\LatencyUtils-2.0.3.jar;C:\Users\humberto.ruiz_pragma\.m2\repository\io\netty\netty-transport\4.1.110.Final\netty-transport-4.1.110.Final.jar;C:\Users\humberto.ruiz_pragma\.m2\repository\io\netty\netty-common\4.1.110.Final\netty-common-4.1.110.Final.jar;C:\Users\humberto.ruiz_pragma\.m2\repository\io\netty\netty-buffer\4.1.110.Final\netty-buffer-4.1.110.Final.jar;C:\Users\humberto.ruiz_pragma\.m2\repository\io\netty\netty-resolver\4.1.110.Final\netty-resolver-4.1.110.Final.jar;C:\Users\humberto.ruiz_pragma\.m2\repository\io\netty\netty-codec-haproxy\4.1.110.Final\netty-codec-haproxy-4.1.110.Final.jar;C:\Users\humberto.ruiz_pragma\.m2\repository\io\netty\netty-codec\4.1.110.Final\netty-codec-4.1.110.Final.jar;C:\Users\humberto.ruiz_pragma\.m2\repository\io\netty\netty-codec-http2\4.1.110.Final\netty-codec-http2-4.1.110.Final.jar;C:\Users\humberto.ruiz_pragma\.m2\repository\io\netty\netty-handler\4.1.110.Final\netty-handler-4.1.110.Final.jar;C:\Users\humberto.ruiz_pragma\.m2\repository\io\netty\netty-codec-http\4.1.110.Final\netty-codec-http-4.1.110.Final.jar;C:\Users\humberto.ruiz_pragma\.m2\repository\io\netty\netty-resolver-dns\4.1.110.Final\netty-resolver-dns-4.1.110.Final.jar;C:\Users\humberto.ruiz_pragma\.m2\repository\io\netty\netty-codec-dns\4.1.110.Final\netty-codec-dns-4.1.110.Final.jar;C:\Users\humberto.ruiz_pragma\.m2\repository\io\netty\netty-transport-native-unix-common\4.1.110.Final\netty-transport-native-unix-common-4.1.110.Final-linux-x86_64.jar;C:\Users\humberto.ruiz_pragma\.m2\repository\io\netty\netty-transport-native-unix-common\4.1.110.Final\netty-transport-native-unix-common-4.1.110.Final-linux-aarch_64.jar;C:\Users\humberto.ruiz_pragma\.m2\repository\io\netty\netty-transport-native-unix-common\4.1.110.Final\netty-transport-native-unix-common-4.1.110.Final-osx-x86_64.jar;C:\Users\humberto.ruiz_pragma\.m2\repository\io\netty\netty-transport-native-unix-common\4.1.110.Final\netty-transport-native-unix-common-4.1.110.Final-osx-aarch_64.jar;C:\Users\humberto.ruiz_pragma\.m2\repository\org\reactivestreams\reactive-streams\1.0.4\reactive-streams-1.0.4.jar;C:\Users\humberto.ruiz_pragma\.m2\repository\com\google\code\findbugs\jsr305\3.0.2\jsr305-3.0.2.jar;C:\Users\humberto.ruiz_pragma\.m2\repository\io\netty\netty-handler-proxy\4.1.110.Final\netty-handler-proxy-4.1.110.Final.jar;C:\Users\humberto.ruiz_pragma\.m2\repository\io\netty\netty-codec-socks\4.1.110.Final\netty-codec-socks-4.1.110.Final.jar;C:\Users\humberto.ruiz_pragma\.m2\repository\io\netty\netty-transport-native-epoll\4.1.110.Final\netty-transport-native-epoll-4.1.110.Final-linux-x86_64.jar;C:\Users\humberto.ruiz_pragma\.m2\repository\io\netty\netty-transport-native-unix-common\4.1.110.Final\netty-transport-native-unix-common-4.1.110.Final.jar;C:\Users\humberto.ruiz_pragma\.m2\repository\io\netty\netty-transport-classes-epoll\4.1.110.Final\netty-transport-classes-epoll-4.1.110.Final.jar;C:\Users\humberto.ruiz_pragma\.m2\repository\io\netty\netty-transport-native-epoll\4.1.110.Final\netty-transport-native-epoll-4.1.110.Final-linux-aarch_64.jar;C:\Users\humberto.ruiz_pragma\.m2\repository\io\netty\netty-transport-native-kqueue\4.1.110.Final\netty-transport-native-kqueue-4.1.110.Final-osx-x86_64.jar;C:\Users\humberto.ruiz_pragma\.m2\repository\io\netty\netty-transport-classes-kqueue\4.1.110.Final\netty-transport-classes-kqueue-4.1.110.Final.jar;C:\Users\humberto.ruiz_pragma\.m2\repository\io\netty\netty-resolver-dns-native-macos\4.1.110.Final\netty-resolver-dns-native-macos-4.1.110.Final-osx-x86_64.jar;C:\Users\humberto.ruiz_pragma\.m2\repository\io\netty\netty-resolver-dns-classes-macos\4.1.110.Final\netty-resolver-dns-classes-macos-4.1.110.Final.jar;C:\Users\humberto.ruiz_pragma\.m2\repository\io\netty\netty-transport-native-kqueue\4.1.110.Final\netty-transport-native-kqueue-4.1.110.Final-osx-aarch_64.jar;C:\Users\humberto.ruiz_pragma\.m2\repository\io\netty\netty-resolver-dns-native-macos\4.1.110.Final\netty-resolver-dns-native-macos-4.1.110.Final-osx-aarch_64.jar;C:\Users\humberto.ruiz_pragma\.m2\repository\io\netty\netty-tcnative-boringssl-static\2.0.65.Final\netty-tcnative-boringssl-static-2.0.65.Final-linux-x86_64.jar;C:\Users\humberto.ruiz_pragma\.m2\repository\io\netty\netty-tcnative-classes\2.0.65.Final\netty-tcnative-classes-2.0.65.Final.jar;C:\Users\humberto.ruiz_pragma\.m2\repository\io\netty\netty-tcnative-boringssl-static\2.0.65.Final\netty-tcnative-boringssl-static-2.0.65.Final-linux-aarch_64.jar;C:\Users\humberto.ruiz_pragma\.m2\repository\io\netty\netty-tcnative-boringssl-static\2.0.65.Final\netty-tcnative-boringssl-static-2.0.65.Final-osx-x86_64.jar;C:\Users\humberto.ruiz_pragma\.m2\repository\io\netty\netty-tcnative-boringssl-static\2.0.65.Final\netty-tcnative-boringssl-static-2.0.65.Final-osx-aarch_64.jar;C:\Users\humberto.ruiz_pragma\.m2\repository\io\netty\netty-tcnative-boringssl-static\2.0.65.Final\netty-tcnative-boringssl-static-2.0.65.Final-windows-x86_64.jar;C:\Users\humberto.ruiz_pragma\.m2\repository\com\aayushatharva\brotli4j\brotli4j\1.16.0\brotli4j-1.16.0.jar;C:\Users\humberto.ruiz_pragma\.m2\repository\com\aayushatharva\brotli4j\service\1.16.0\service-1.16.0.jar;C:\Users\humberto.ruiz_pragma\.m2\repository\com\aayushatharva\brotli4j\native-windows-x86_64\1.16.0\native-windows-x86_64-1.16.0.jar;C:\Users\humberto.ruiz_pragma\.m2\repository\org\apache\httpcomponents\httpclient\4.5.14\httpclient-4.5.14.jar;C:\Users\humberto.ruiz_pragma\.m2\repository\org\apache\httpcomponents\httpcore\4.4.16\httpcore-4.4.16.jar;C:\Users\humberto.ruiz_pragma\.m2\repository\commons-codec\commons-codec\1.16.1\commons-codec-1.16.1.jar;C:\Users\humberto.ruiz_pragma\.m2\repository\ch\qos\logback\logback-classic\1.5.4\logback-classic-1.5.4.jar;C:\Users\humberto.ruiz_pragma\.m2\repository\ch\qos\logback\logback-core\1.5.4\logback-core-1.5.4.jar;C:\Users\humberto.ruiz_pragma\.m2\repository\org\slf4j\jcl-over-slf4j\2.0.12\jcl-over-slf4j-2.0.12.jar;C:\Users\humberto.ruiz_pragma\.m2\repository\org\slf4j\slf4j-api\2.0.12\slf4j-api-2.0.12.jar;C:\Users\humberto.ruiz_pragma\.m2\repository\org\antlr\antlr4-runtime\4.13.1\antlr4-runtime-4.13.1.jar;C:\Users\humberto.ruiz_pragma\.m2\repository\com\jayway\jsonpath\json-path\2.9.0\json-path-2.9.0.jar;C:\Users\humberto.ruiz_pragma\.m2\repository\net\minidev\json-smart\2.5.1\json-smart-2.5.1.jar;C:\Users\humberto.ruiz_pragma\.m2\repository\net\minidev\accessors-smart\2.5.1\accessors-smart-2.5.1.jar;C:\Users\humberto.ruiz_pragma\.m2\repository\org\ow2\asm\asm\9.6\asm-9.6.jar;C:\Users\humberto.ruiz_pragma\.m2\repository\org\yaml\snakeyaml\2.2\snakeyaml-2.2.jar;C:\Users\humberto.ruiz_pragma\.m2\repository\de\siegmar\fastcsv\3.1.0\fastcsv-3.1.0.jar;C:\Users\humberto.ruiz_pragma\.m2\repository\info\picocli\picocli\4.7.5\picocli-4.7.5.jar;C:\Users\humberto.ruiz_pragma\.m2\repository\io\github\classgraph\classgraph\4.8.170\classgraph-4.8.170.jar;C:\Users\humberto.ruiz_pragma\.m2\repository\io\github\t12y\resemble\1.1.0\resemble-1.1.0.jar;C:\Users\humberto.ruiz_pragma\.m2\repository\io\github\t12y\ssim\1.0.0\ssim-1.0.0.jar;C:\Users\humberto.ruiz_pragma\.m2\repository\org\junit\jupiter\junit-jupiter-api\5.10.2\junit-jupiter-api-5.10.2.jar;C:\Users\humberto.ruiz_pragma\.m2\repository\org\opentest4j\opentest4j\1.3.0\opentest4j-1.3.0.jar;C:\Users\humberto.ruiz_pragma\.m2\repository\org\junit\platform\junit-platform-commons\1.10.2\junit-platform-commons-1.10.2.jar;C:\Users\humberto.ruiz_pragma\.m2\repository\org\apiguardian\apiguardian-api\1.1.2\apiguardian-api-1.1.2.jar;C:\Users\humberto.ruiz_pragma\.m2\repository\org\junit\jupiter\junit-jupiter-engine\5.10.2\junit-jupiter-engine-5.10.2.jar;C:\Users\humberto.ruiz_pragma\.m2\repository\org\junit\platform\junit-platform-engine\1.10.2\junit-platform-engine-1.10.2.jar;"/>
    <property name="sun.cpu.endian" value="little"/>
    <property name="user.home" value="C:\Users\humberto.ruiz_pragma"/>
    <property name="user.language" value="es"/>
    <property name="java.specification.vendor" value="Oracle Corporation"/>
    <property name="java.version.date" value="2022-01-18"/>
    <property name="java.home" value="C:\Java\jdk-17.0.2"/>
    <property name="file.separator" value="\"/>
    <property name="basedir" value="C:\WorkspaceIJ\karate-poc"/>
    <property name="java.vm.compressedOopsMode" value="Zero based"/>
    <property name="line.separator" value="&#10;"/>
    <property name="java.vm.specification.vendor" value="Oracle Corporation"/>
    <property name="java.specification.name" value="Java Platform API Specification"/>
    <property name="surefire.real.class.path" value="C:\Users\humberto.ruiz_pragma\AppData\Local\Temp\surefire6324163850841522900\surefirebooter-20241209145247029_3.jar"/>
    <property name="user.script" value=""/>
    <property name="sun.management.compiler" value="HotSpot 64-Bit Tiered Compilers"/>
    <property name="java.runtime.version" value="17.0.2+8-86"/>
    <property name="user.name" value="humberto.ruiz_pragma"/>
    <property name="path.separator" value=";"/>
    <property name="os.version" value="10.0"/>
    <property name="java.runtime.name" value="OpenJDK Runtime Environment"/>
    <property name="file.encoding" value="UTF-8"/>
    <property name="java.vm.name" value="OpenJDK 64-Bit Server VM"/>
    <property name="localRepository" value="C:\Users\humberto.ruiz_pragma\.m2\repository"/>
    <property name="java.vendor.url.bug" value="https://bugreport.java.com/bugreport/"/>
    <property name="java.io.tmpdir" value="C:\Users\HUMBER~1.RUI\AppData\Local\Temp\"/>
    <property name="java.version" value="17.0.2"/>
    <property name="user.dir" value="C:\WorkspaceIJ\karate-poc"/>
    <property name="os.arch" value="amd64"/>
    <property name="java.vm.specification.name" value="Java Virtual Machine Specification"/>
    <property name="sun.os.patch.level" value=""/>
    <property name="native.encoding" value="Cp1252"/>
    <property name="java.library.path" value="C:\Java\jdk-17.0.2\bin;C:\Windows\Sun\Java\bin;C:\Windows\system32;C:\Windows;C:\tools\ruby31\bin;C:\Windows\system32;C:\Windows;C:\Windows\System32\Wbem;C:\Windows\System32\WindowsPowerShell\v1.0\;C:\Windows\System32\OpenSSH\;C:\ProgramData\chocolatey\bin;C:\Program Files\Git\cmd;C:\HashiCorp\Vagrant\bin;C:\Program Files\Kubernetes\Minikube;C:\minikube;C:\Program Files\Amazon\AWSCLIV2\;C:\Program Files\nodejs\;C:\Program Files\PuTTY\;C:\Users\humberto.ruiz_pragma\.pyenv\pyenv-win\bin;C:\Users\humberto.ruiz_pragma\.pyenv\pyenv-win\shims;C:\Users\humberto.ruiz_pragma\AppData\Local\Programs\Python\Python312\Scripts\;C:\Users\humberto.ruiz_pragma\AppData\Local\Programs\Python\Python312\;C:\Users\humberto.ruiz_pragma\AppData\Local\Microsoft\WindowsApps;C:\Users\humberto.ruiz_pragma\AppData\Local\Programs\Microsoft VS Code\bin;C:\Java\jdk-17.0.2\bin;C:\Users\humberto.ruiz_pragma\.pyenv\pyenv-win\versions\3.12.4\Scripts;C:\Users\humberto.ruiz_pragma\AppData\Roaming\npm;C:\Users\humberto.ruiz_pragma\AppData\Local\Programs\Rancher Desktop\resources\resources\win32\bin\;C:\Users\humberto.ruiz_pragma\AppData\Local\Programs\Rancher Desktop\resources\resources\win32\docker-cli-plugins\;C:\Users\humberto.ruiz_pragma\AppData\Local\Programs\Rancher Desktop\resources\resources\linux\bin\;C:\Users\humberto.ruiz_pragma\AppData\Local\Programs\Rancher Desktop\resources\resources\linux\docker-cli-plugins\;C:\apache-maven-3.9.9\bin;;."/>
    <property name="java.vm.info" value="mixed mode, sharing"/>
    <property name="java.vendor" value="Oracle Corporation"/>
    <property name="java.vm.version" value="17.0.2+8-86"/>
    <property name="sun.io.unicode.encoding" value="UnicodeLittle"/>
    <property name="java.class.version" value="61.0"/>
  </properties>
  <testcase name="testParallel" classname="examples.ExamplesTest" time="18.011">
    <system-out><![CDATA[14:52:54.717 [main] DEBUG com.intuit.karate.Suite - [config] classpath:karate-config.js
14:52:54.779 [main] DEBUG com.intuit.karate.Suite - waiting for 2 features to complete
14:52:59.504 [pool-2-thread-4] INFO  com.intuit.karate - karate.env system property was: null 
14:52:59.504 [pool-2-thread-1] INFO  com.intuit.karate - karate.env system property was: null 
14:52:59.519 [pool-2-thread-3] INFO  com.intuit.karate - karate.env system property was: null 
14:52:59.521 [pool-2-thread-2] INFO  com.intuit.karate - karate.env system property was: null 
14:53:01.613 [pool-2-thread-1] DEBUG com.intuit.karate - request:
1 > GET https://jsonplaceholder.typicode.com/users
1 > Host: jsonplaceholder.typicode.com
1 > Connection: Keep-Alive
1 > User-Agent: Apache-HttpClient/4.5.14 (Java/17.0.2)
1 > Accept-Encoding: gzip,deflate


14:53:01.616 [pool-2-thread-4] DEBUG com.intuit.karate - request:
1 > POST https://reqres.in/api/users
1 > Content-Type: application/json; charset=UTF-8
1 > Content-Length: 34
1 > Host: reqres.in
1 > Connection: Keep-Alive
1 > User-Agent: Apache-HttpClient/4.5.14 (Java/17.0.2)
1 > Accept-Encoding: gzip,deflate
{"name":"morpheus","job":"leader"}

14:53:01.625 [pool-2-thread-3] DEBUG com.intuit.karate - request:
1 > GET https://reqres.in/api/users%3Fpage=2
1 > Host: reqres.in
1 > Connection: Keep-Alive
1 > User-Agent: Apache-HttpClient/4.5.14 (Java/17.0.2)
1 > Accept-Encoding: gzip,deflate


14:53:01.628 [pool-2-thread-2] DEBUG com.intuit.karate - request:
1 > POST https://jsonplaceholder.typicode.com/users
1 > Content-Type: application/json; charset=UTF-8
1 > Content-Length: 160
1 > Host: jsonplaceholder.typicode.com
1 > Connection: Keep-Alive
1 > User-Agent: Apache-HttpClient/4.5.14 (Java/17.0.2)
1 > Accept-Encoding: gzip,deflate
{"name":"Test User","username":"testuser","email":"test@user.com","address":{"street":"Has No Name","suite":"Apt. 123","city":"Electri","zipcode":"54321-6789"}}

14:53:03.273 [pool-2-thread-1] DEBUG com.intuit.karate - response time in milliseconds: 1633
1 < 200
1 < Date: Mon, 09 Dec 2024 19:53:02 GMT
1 < Content-Type: application/json; charset=utf-8
1 < Transfer-Encoding: chunked
1 < Connection: keep-alive
1 < Report-To: {"group":"heroku-nel","max_age":3600,"endpoints":[{"url":"https://nel.heroku.com/reports?ts=1730734341&sid=e11707d5-02a7-43ef-b45e-2cf4d2036f7d&s=EzVMYbaSoy%2BMlC%2BcZcYdwIqTKXa9gLeWfM9vbdO9xWI%3D"}]}
1 < Reporting-Endpoints: heroku-nel=https://nel.heroku.com/reports?ts=1730734341&sid=e11707d5-02a7-43ef-b45e-2cf4d2036f7d&s=EzVMYbaSoy%2BMlC%2BcZcYdwIqTKXa9gLeWfM9vbdO9xWI%3D
1 < Nel: {"report_to":"heroku-nel","max_age":3600,"success_fraction":0.005,"failure_fraction":0.05,"response_headers":["Via"]}
1 < X-Powered-By: Express
1 < X-Ratelimit-Limit: 1000
1 < X-Ratelimit-Remaining: 999
1 < X-Ratelimit-Reset: 1730734397
1 < Vary: Origin, Accept-Encoding
1 < Access-Control-Allow-Credentials: true
1 < Cache-Control: max-age=43200
1 < Pragma: no-cache
1 < Expires: -1
1 < X-Content-Type-Options: nosniff
1 < Etag: W/"160d-1eMSsxeJRfnVLRBmYJSbCiJZ1qQ"
1 < Via: 1.1 vegur
1 < CF-Cache-Status: HIT
1 < Age: 10232
1 < Server: cloudflare
1 < CF-RAY: 8ef78a002e3f20b5-IND
1 < alt-svc: h3=":443"; ma=86400
1 < server-timing: cfL4;desc="?proto=TCP&rtt=117378&min_rtt=112115&rtt_var=40925&sent=7&recv=7&lost=0&retrans=0&sent_bytes=3115&recv_bytes=789&delivery_rate=31226&cwnd=83&unsent_bytes=0&cid=d5d4f6d9f16f9bac&ts=477&x=0"
[
  {
    "id": 1,
    "name": "Leanne Graham",
    "username": "Bret",
    "email": "Sincere@april.biz",
    "address": {
      "street": "Kulas Light",
      "suite": "Apt. 556",
      "city": "Gwenborough",
      "zipcode": "92998-3874",
      "geo": {
        "lat": "-37.3159",
        "lng": "81.1496"
      }
    },
    "phone": "1-770-736-8031 x56442",
    "website": "hildegard.org",
    "company": {
      "name": "Romaguera-Crona",
      "catchPhrase": "Multi-layered client-server neural-net",
      "bs": "harness real-time e-markets"
    }
  },
  {
    "id": 2,
    "name": "Ervin Howell",
    "username": "Antonette",
    "email": "Shanna@melissa.tv",
    "address": {
      "street": "Victor Plains",
      "suite": "Suite 879",
      "city": "Wisokyburgh",
      "zipcode": "90566-7771",
      "geo": {
        "lat": "-43.9509",
        "lng": "-34.4618"
      }
    },
    "phone": "010-692-6593 x09125",
    "website": "anastasia.net",
    "company": {
      "name": "Deckow-Crist",
      "catchPhrase": "Proactive didactic contingency",
      "bs": "synergize scalable supply-chains"
    }
  },
  {
    "id": 3,
    "name": "Clementine Bauch",
    "username": "Samantha",
    "email": "Nathan@yesenia.net",
    "address": {
      "street": "Douglas Extension",
      "suite": "Suite 847",
      "city": "McKenziehaven",
      "zipcode": "59590-4157",
      "geo": {
        "lat": "-68.6102",
        "lng": "-47.0653"
      }
    },
    "phone": "1-463-123-4447",
    "website": "ramiro.info",
    "company": {
      "name": "Romaguera-Jacobson",
      "catchPhrase": "Face to face bifurcated interface",
      "bs": "e-enable strategic applications"
    }
  },
  {
    "id": 4,
    "name": "Patricia Lebsack",
    "username": "Karianne",
    "email": "Julianne.OConner@kory.org",
    "address": {
      "street": "Hoeger Mall",
      "suite": "Apt. 692",
      "city": "South Elvis",
      "zipcode": "53919-4257",
      "geo": {
        "lat": "29.4572",
        "lng": "-164.2990"
      }
    },
    "phone": "493-170-9623 x156",
    "website": "kale.biz",
    "company": {
      "name": "Robel-Corkery",
      "catchPhrase": "Multi-tiered zero tolerance productivity",
      "bs": "transition cutting-edge web services"
    }
  },
  {
    "id": 5,
    "name": "Chelsey Dietrich",
    "username": "Kamren",
    "email": "Lucio_Hettinger@annie.ca",
    "address": {
      "street": "Skiles Walks",
      "suite": "Suite 351",
      "city": "Roscoeview",
      "zipcode": "33263",
      "geo": {
        "lat": "-31.8129",
        "lng": "62.5342"
      }
    },
    "phone": "(254)954-1289",
    "website": "demarco.info",
    "company": {
      "name": "Keebler LLC",
      "catchPhrase": "User-centric fault-tolerant solution",
      "bs": "revolutionize end-to-end systems"
    }
  },
  {
    "id": 6,
    "name": "Mrs. Dennis Schulist",
    "username": "Leopoldo_Corkery",
    "email": "Karley_Dach@jasper.info",
    "address": {
      "street": "Norberto Crossing",
      "suite": "Apt. 950",
      "city": "South Christy",
      "zipcode": "23505-1337",
      "geo": {
        "lat": "-71.4197",
        "lng": "71.7478"
      }
    },
    "phone": "1-477-935-8478 x6430",
    "website": "ola.org",
    "company": {
      "name": "Considine-Lockman",
      "catchPhrase": "Synchronised bottom-line interface",
      "bs": "e-enable innovative applications"
    }
  },
  {
    "id": 7,
    "name": "Kurtis Weissnat",
    "username": "Elwyn.Skiles",
    "email": "Telly.Hoeger@billy.biz",
    "address": {
      "street": "Rex Trail",
      "suite": "Suite 280",
      "city": "Howemouth",
      "zipcode": "58804-1099",
      "geo": {
        "lat": "24.8918",
        "lng": "21.8984"
      }
    },
    "phone": "210.067.6132",
    "website": "elvis.io",
    "company": {
      "name": "Johns Group",
      "catchPhrase": "Configurable multimedia task-force",
      "bs": "generate enterprise e-tailers"
    }
  },
  {
    "id": 8,
    "name": "Nicholas Runolfsdottir V",
    "username": "Maxime_Nienow",
    "email": "Sherwood@rosamond.me",
    "address": {
      "street": "Ellsworth Summit",
      "suite": "Suite 729",
      "city": "Aliyaview",
      "zipcode": "45169",
      "geo": {
        "lat": "-14.3990",
        "lng": "-120.7677"
      }
    },
    "phone": "586.493.6943 x140",
    "website": "jacynthe.com",
    "company": {
      "name": "Abernathy Group",
      "catchPhrase": "Implemented secondary concept",
      "bs": "e-enable extensible e-tailers"
    }
  },
  {
    "id": 9,
    "name": "Glenna Reichert",
    "username": "Delphine",
    "email": "Chaim_McDermott@dana.io",
    "address": {
      "street": "Dayna Park",
      "suite": "Suite 449",
      "city": "Bartholomebury",
      "zipcode": "76495-3109",
      "geo": {
        "lat": "24.6463",
        "lng": "-168.8889"
      }
    },
    "phone": "(775)976-6794 x41206",
    "website": "conrad.com",
    "company": {
      "name": "Yost and Sons",
      "catchPhrase": "Switchable contextually-based project",
      "bs": "aggregate real-time technologies"
    }
  },
  {
    "id": 10,
    "name": "Clementina DuBuque",
    "username": "Moriah.Stanton",
    "email": "Rey.Padberg@karina.biz",
    "address": {
      "street": "Kattie Turnpike",
      "suite": "Suite 198",
      "city": "Lebsackbury",
      "zipcode": "31428-2261",
      "geo": {
        "lat": "-38.2386",
        "lng": "57.2232"
      }
    },
    "phone": "024-648-3804",
    "website": "ambrose.net",
    "company": {
      "name": "Hoeger LLC",
      "catchPhrase": "Centralized empowering task-force",
      "bs": "target end-to-end models"
    }
  }
]

14:53:03.273 [pool-2-thread-3] DEBUG com.intuit.karate - response time in milliseconds: 1631
1 < 200
1 < Date: Mon, 09 Dec 2024 19:53:02 GMT
1 < Content-Type: application/json; charset=utf-8
1 < Transfer-Encoding: chunked
1 < Connection: keep-alive
1 < Report-To: {"group":"heroku-nel","max_age":3600,"endpoints":[{"url":"https://nel.heroku.com/reports?ts=1733773070&sid=c4c9725f-1ab0-44d8-820f-430df2718e11&s=tTYnXfaW4WjTXOUdIqQ4hyjIiGORpvrDmOEdcvjZBgs%3D"}]}
1 < Reporting-Endpoints: heroku-nel=https://nel.heroku.com/reports?ts=1733773070&sid=c4c9725f-1ab0-44d8-820f-430df2718e11&s=tTYnXfaW4WjTXOUdIqQ4hyjIiGORpvrDmOEdcvjZBgs%3D
1 < Nel: {"report_to":"heroku-nel","max_age":3600,"success_fraction":0.005,"failure_fraction":0.05,"response_headers":["Via"]}
1 < X-Powered-By: Express
1 < Access-Control-Allow-Origin: *
1 < Etag: W/"2fb-zJ/iiAzm4zf7SruyfEtNo0xEDoY"
1 < Via: 1.1 vegur
1 < Cache-Control: max-age=14400
1 < CF-Cache-Status: HIT
1 < Age: 912
1 < Vary: Accept-Encoding
1 < Server: cloudflare
1 < CF-RAY: 8ef78a004d8ca53c-MIA
1 < server-timing: cfL4;desc="?proto=TCP&rtt=83201&min_rtt=74305&rtt_var=31330&sent=7&recv=7&lost=0&retrans=0&sent_bytes=3106&recv_bytes=764&delivery_rate=39170&cwnd=235&unsent_bytes=0&cid=22c03c4dcb1c3e0a&ts=527&x=0"
{"page":1,"per_page":6,"total":12,"total_pages":2,"data":[{"id":1,"name":"cerulean","year":2000,"color":"#98B2D1","pantone_value":"15-4020"},{"id":2,"name":"fuchsia rose","year":2001,"color":"#C74375","pantone_value":"17-2031"},{"id":3,"name":"true red","year":2002,"color":"#BF1932","pantone_value":"19-1664"},{"id":4,"name":"aqua sky","year":2003,"color":"#7BC4C4","pantone_value":"14-4811"},{"id":5,"name":"tigerlily","year":2004,"color":"#E2583E","pantone_value":"17-1456"},{"id":6,"name":"blue turquoise","year":2005,"color":"#53B0AE","pantone_value":"15-5217"}],"support":{"url":"https://contentcaddy.io?utm_source=reqres&utm_medium=json&utm_campaign=referral","text":"Tired of writing endless social media content? Let Content Caddy generate it for you."}}

14:53:03.280 [pool-2-thread-2] DEBUG com.intuit.karate - response time in milliseconds: 1648
1 < 201
1 < Date: Mon, 09 Dec 2024 19:53:02 GMT
1 < Content-Type: application/json; charset=utf-8
1 < Content-Length: 216
1 < Connection: keep-alive
1 < Report-To: {"group":"heroku-nel","max_age":3600,"endpoints":[{"url":"https://nel.heroku.com/reports?ts=1733773982&sid=e11707d5-02a7-43ef-b45e-2cf4d2036f7d&s=p4%2FBx9coLGDmtkIaMXy0U8lqzrHU2Cn1Ncf8ZM4gE6g%3D"}]}
1 < Reporting-Endpoints: heroku-nel=https://nel.heroku.com/reports?ts=1733773982&sid=e11707d5-02a7-43ef-b45e-2cf4d2036f7d&s=p4%2FBx9coLGDmtkIaMXy0U8lqzrHU2Cn1Ncf8ZM4gE6g%3D
1 < Nel: {"report_to":"heroku-nel","max_age":3600,"success_fraction":0.005,"failure_fraction":0.05,"response_headers":["Via"]}
1 < X-Powered-By: Express
1 < X-Ratelimit-Limit: 1000
1 < X-Ratelimit-Remaining: 999
1 < X-Ratelimit-Reset: 1733774009
1 < Vary: Origin, X-HTTP-Method-Override, Accept-Encoding
1 < Access-Control-Allow-Credentials: true
1 < Cache-Control: no-cache
1 < Pragma: no-cache
1 < Expires: -1
1 < Access-Control-Expose-Headers: Location
1 < Location: https://jsonplaceholder.typicode.com/users/11
1 < X-Content-Type-Options: nosniff
1 < Etag: W/"d8-pYV7+YuMGP2hxHPU9ARrf97ifDA"
1 < Via: 1.1 vegur
1 < CF-Cache-Status: DYNAMIC
1 < Server: cloudflare
1 < CF-RAY: 8ef78a000f7e7424-MIA
1 < alt-svc: h3=":443"; ma=86400
1 < server-timing: cfL4;desc="?proto=TCP&rtt=84307&min_rtt=74967&rtt_var=33343&sent=7&recv=7&lost=0&retrans=0&sent_bytes=3115&recv_bytes=1018&delivery_rate=38416&cwnd=250&unsent_bytes=0&cid=e75e4870a3f4287a&ts=616&x=0"
{
  "name": "Test User",
  "username": "testuser",
  "email": "test@user.com",
  "address": {
    "street": "Has No Name",
    "suite": "Apt. 123",
    "city": "Electri",
    "zipcode": "54321-6789"
  },
  "id": 11
}

14:53:03.317 [pool-2-thread-2] INFO  com.intuit.karate - [print] created id is:  11 
14:53:03.477 [pool-2-thread-1] DEBUG com.intuit.karate - request:
2 > GET https://jsonplaceholder.typicode.com/users/1
2 > Host: jsonplaceholder.typicode.com
2 > Connection: Keep-Alive
2 > User-Agent: Apache-HttpClient/4.5.14 (Java/17.0.2)
2 > Accept-Encoding: gzip,deflate


14:53:03.502 [pool-2-thread-4] DEBUG com.intuit.karate - response time in milliseconds: 1871
1 < 201
1 < Date: Mon, 09 Dec 2024 19:53:03 GMT
1 < Content-Type: application/json; charset=utf-8
1 < Content-Length: 83
1 < Connection: keep-alive
1 < Report-To: {"group":"heroku-nel","max_age":3600,"endpoints":[{"url":"https://nel.heroku.com/reports?ts=1733773983&sid=c4c9725f-1ab0-44d8-820f-430df2718e11&s=un5gu3G8CkoaxZ05pO1BYnPNRdAkcWPgzgYWfjqdu1w%3D"}]}
1 < Reporting-Endpoints: heroku-nel=https://nel.heroku.com/reports?ts=1733773983&sid=c4c9725f-1ab0-44d8-820f-430df2718e11&s=un5gu3G8CkoaxZ05pO1BYnPNRdAkcWPgzgYWfjqdu1w%3D
1 < Nel: {"report_to":"heroku-nel","max_age":3600,"success_fraction":0.005,"failure_fraction":0.05,"response_headers":["Via"]}
1 < X-Powered-By: Express
1 < Access-Control-Allow-Origin: *
1 < Etag: W/"53-0Da/GuVGvdOmzqHKLIOgIYE6HL0"
1 < Via: 1.1 vegur
1 < CF-Cache-Status: DYNAMIC
1 < Server: cloudflare
1 < CF-RAY: 8ef78a00cd14a67a-MIA
1 < server-timing: cfL4;desc="?proto=TCP&rtt=87885&min_rtt=79967&rtt_var=37416&sent=7&recv=7&lost=0&retrans=0&sent_bytes=3106&recv_bytes=857&delivery_rate=33090&cwnd=251&unsent_bytes=0&cid=5420ae082c624e11&ts=819&x=0"
{"name":"morpheus","job":"leader","id":"32","createdAt":"2024-12-09T19:53:03.015Z"}

14:53:03.746 [pool-2-thread-1] DEBUG com.intuit.karate - response time in milliseconds: 266
2 < 200
2 < Date: Mon, 09 Dec 2024 19:53:03 GMT
2 < Content-Type: application/json; charset=utf-8
2 < Transfer-Encoding: chunked
2 < Connection: keep-alive
2 < Report-To: {"group":"heroku-nel","max_age":3600,"endpoints":[{"url":"https://nel.heroku.com/reports?ts=1732976053&sid=e11707d5-02a7-43ef-b45e-2cf4d2036f7d&s=HhQ%2BkHVDwWXt6v1VUHlp3QJU9harhHiaFfIX3jcOn74%3D"}]}
2 < Reporting-Endpoints: heroku-nel=https://nel.heroku.com/reports?ts=1732976053&sid=e11707d5-02a7-43ef-b45e-2cf4d2036f7d&s=HhQ%2BkHVDwWXt6v1VUHlp3QJU9harhHiaFfIX3jcOn74%3D
2 < Nel: {"report_to":"heroku-nel","max_age":3600,"success_fraction":0.005,"failure_fraction":0.05,"response_headers":["Via"]}
2 < X-Powered-By: Express
2 < X-Ratelimit-Limit: 1000
2 < X-Ratelimit-Remaining: 999
2 < X-Ratelimit-Reset: 1732976075
2 < Vary: Origin, Accept-Encoding
2 < Access-Control-Allow-Credentials: true
2 < Cache-Control: max-age=43200
2 < Pragma: no-cache
2 < Expires: -1
2 < X-Content-Type-Options: nosniff
2 < Etag: W/"1fd-+2Y3G3w049iSZtw5t1mzSnunngE"
2 < Via: 1.1 vegur
2 < CF-Cache-Status: HIT
2 < Age: 160
2 < Server: cloudflare
2 < CF-RAY: 8ef78a03accea587-MIA
2 < alt-svc: h3=":443"; ma=86400
2 < server-timing: cfL4;desc="?proto=TCP&rtt=79944&min_rtt=79096&rtt_var=30267&sent=3&recv=5&lost=0&retrans=0&sent_bytes=187&recv_bytes=1200&delivery_rate=18205&cwnd=248&unsent_bytes=0&cid=c1948cb4a34c02a3&ts=98&x=0"
{
  "id": 1,
  "name": "Leanne Graham",
  "username": "Bret",
  "email": "Sincere@april.biz",
  "address": {
    "street": "Kulas Light",
    "suite": "Apt. 556",
    "city": "Gwenborough",
    "zipcode": "92998-3874",
    "geo": {
      "lat": "-37.3159",
      "lng": "81.1496"
    }
  },
  "phone": "1-770-736-8031 x56442",
  "website": "hildegard.org",
  "company": {
    "name": "Romaguera-Crona",
    "catchPhrase": "Multi-layered client-server neural-net",
    "bs": "harness real-time e-markets"
  }
}

---------------------------------------------------------
feature: classpath:examples/original/users.feature
scenarios:  2 | passed:  2 | failed:  0 | time: 7,6381
---------------------------------------------------------

14:53:07.270 [pool-3-thread-1] INFO  com.intuit.karate.Suite - <<pass>> feature 1 of 2 (1 remaining) classpath:examples/original/users.feature
---------------------------------------------------------
feature: classpath:examples/users/users.feature
scenarios:  2 | passed:  2 | failed:  0 | time: 7,5269
---------------------------------------------------------

14:53:07.697 [pool-3-thread-1] INFO  com.intuit.karate.Suite - <<pass>> feature 2 of 2 (0 remaining) classpath:examples/users/users.feature
Karate version: 1.5.0
======================================================
elapsed:  16,10 | threads:    5 | thread time: 15,17 
features:     2 | skipped:    0 | efficiency: 0,19
scenarios:    4 | passed:     4 | failed: 0
======================================================

HTML report: (paste into browser to view) | Karate version: 1.5.0
file:///C:/WorkspaceIJ/karate-poc/target/karate-reports/karate-summary.html
===================================================================

]]></system-out>
  </testcase>
</testsuite>